2026-03-11 10:55:59,922 - sqlalchemy.engine.Engine - INFO - BEGIN (implicit)
2026-03-11 10:55:59,928 - sqlalchemy.engine.Engine - INFO - PRAGMA main.table_info("roles")
2026-03-11 10:55:59,928 - sqlalchemy.engine.Engine - INFO - [raw sql] ()
2026-03-11 10:55:59,928 - sqlalchemy.engine.Engine - INFO - PRAGMA main.table_info("permisos")
2026-03-11 10:55:59,937 - sqlalchemy.engine.Engine - INFO - [raw sql] ()
2026-03-11 10:55:59,937 - sqlalchemy.engine.Engine - INFO - PRAGMA main.table_info("role_permiso")
2026-03-11 10:55:59,940 - sqlalchemy.engine.Engine - INFO - [raw sql] ()
2026-03-11 10:55:59,940 - sqlalchemy.engine.Engine - INFO - PRAGMA main.table_info("usuarios")
2026-03-11 10:55:59,942 - sqlalchemy.engine.Engine - INFO - [raw sql] ()
2026-03-11 10:55:59,942 - sqlalchemy.engine.Engine - INFO - PRAGMA main.table_info("empleados")
2026-03-11 10:55:59,945 - sqlalchemy.engine.Engine - INFO - [raw sql] ()
2026-03-11 10:55:59,945 - sqlalchemy.engine.Engine - INFO - PRAGMA main.table_info("tipos_novedad")
2026-03-11 10:55:59,947 - sqlalchemy.engine.Engine - INFO - [raw sql] ()
2026-03-11 10:55:59,949 - sqlalchemy.engine.Engine - INFO - PRAGMA main.table_info("novedades")
2026-03-11 10:55:59,949 - sqlalchemy.engine.Engine - INFO - [raw sql] ()
2026-03-11 10:55:59,951 - sqlalchemy.engine.Engine - INFO - PRAGMA main.table_info("novedades_aplicadas")
2026-03-11 10:55:59,952 - sqlalchemy.engine.Engine - INFO - [raw sql] ()
2026-03-11 10:55:59,952 - sqlalchemy.engine.Engine - INFO - PRAGMA main.table_info("conceptos_automaticos")
2026-03-11 10:55:59,952 - sqlalchemy.engine.Engine - INFO - [raw sql] ()
2026-03-11 10:55:59,952 - sqlalchemy.engine.Engine - INFO - PRAGMA main.table_info("quincenas")
2026-03-11 10:55:59,960 - sqlalchemy.engine.Engine - INFO - [raw sql] ()
2026-03-11 10:55:59,960 - sqlalchemy.engine.Engine - INFO - PRAGMA main.table_info("liquidos_quincena")
2026-03-11 10:55:59,961 - sqlalchemy.engine.Engine - INFO - [raw sql] ()
2026-03-11 10:55:59,961 - sqlalchemy.engine.Engine - INFO - PRAGMA main.table_info("pagos")
2026-03-11 10:55:59,961 - sqlalchemy.engine.Engine - INFO - [raw sql] ()
2026-03-11 10:55:59,966 - sqlalchemy.engine.Engine - INFO - PRAGMA main.table_info("empresa")
2026-03-11 10:55:59,966 - sqlalchemy.engine.Engine - INFO - [raw sql] ()
2026-03-11 10:55:59,966 - sqlalchemy.engine.Engine - INFO - PRAGMA main.table_info("parametros_descuentos")
2026-03-11 10:55:59,966 - sqlalchemy.engine.Engine - INFO - [raw sql] ()
2026-03-11 10:55:59,970 - sqlalchemy.engine.Engine - INFO - PRAGMA main.table_info("audit_logs")
2026-03-11 10:55:59,970 - sqlalchemy.engine.Engine - INFO - [raw sql] ()
2026-03-11 10:55:59,970 - sqlalchemy.engine.Engine - INFO - PRAGMA main.table_info("servicios")
2026-03-11 10:55:59,974 - sqlalchemy.engine.Engine - INFO - [raw sql] ()
2026-03-11 10:55:59,974 - sqlalchemy.engine.Engine - INFO - PRAGMA main.table_info("servicios_novedades")
2026-03-11 10:55:59,974 - sqlalchemy.engine.Engine - INFO - [raw sql] ()
2026-03-11 10:55:59,977 - sqlalchemy.engine.Engine - INFO - PRAGMA main.table_info("servicios_pagos")
2026-03-11 10:55:59,979 - sqlalchemy.engine.Engine - INFO - [raw sql] ()
2026-03-11 10:55:59,979 - sqlalchemy.engine.Engine - INFO - PRAGMA main.table_info("servicios_periodos")
2026-03-11 10:55:59,979 - sqlalchemy.engine.Engine - INFO - [raw sql] ()
2026-03-11 10:55:59,983 - sqlalchemy.engine.Engine - INFO - PRAGMA main.table_info("prestamos_empresa")
2026-03-11 10:55:59,983 - sqlalchemy.engine.Engine - INFO - [raw sql] ()
2026-03-11 10:55:59,983 - sqlalchemy.engine.Engine - INFO - PRAGMA main.table_info("prestamos_novedades")
2026-03-11 10:55:59,983 - sqlalchemy.engine.Engine - INFO - [raw sql] ()
2026-03-11 10:55:59,983 - sqlalchemy.engine.Engine - INFO - PRAGMA main.table_info("prestamos_pagos")
2026-03-11 10:55:59,988 - sqlalchemy.engine.Engine - INFO - [raw sql] ()
2026-03-11 10:55:59,988 - sqlalchemy.engine.Engine - INFO - COMMIT
2026-03-11 10:55:59,988 - app - INFO - [OK] Tablas de base de datos creadas/verificadas
2026-03-11 11:02:10,922 - sqlalchemy.engine.Engine - INFO - BEGIN (implicit)
2026-03-11 11:02:10,922 - sqlalchemy.engine.Engine - INFO - PRAGMA main.table_info("roles")
2026-03-11 11:02:10,922 - sqlalchemy.engine.Engine - INFO - [raw sql] ()
2026-03-11 11:02:10,922 - sqlalchemy.engine.Engine - INFO - PRAGMA main.table_info("permisos")
2026-03-11 11:02:10,922 - sqlalchemy.engine.Engine - INFO - [raw sql] ()
2026-03-11 11:02:10,922 - sqlalchemy.engine.Engine - INFO - PRAGMA main.table_info("role_permiso")
2026-03-11 11:02:10,922 - sqlalchemy.engine.Engine - INFO - [raw sql] ()
2026-03-11 11:02:10,922 - sqlalchemy.engine.Engine - INFO - PRAGMA main.table_info("usuarios")
2026-03-11 11:02:10,922 - sqlalchemy.engine.Engine - INFO - [raw sql] ()
2026-03-11 11:02:10,938 - sqlalchemy.engine.Engine - INFO - PRAGMA main.table_info("empleados")
2026-03-11 11:02:10,938 - sqlalchemy.engine.Engine - INFO - [raw sql] ()
2026-03-11 11:02:10,940 - sqlalchemy.engine.Engine - INFO - PRAGMA main.table_info("tipos_novedad")
2026-03-11 11:02:10,941 - sqlalchemy.engine.Engine - INFO - [raw sql] ()
2026-03-11 11:02:10,942 - sqlalchemy.engine.Engine - INFO - PRAGMA main.table_info("novedades")
2026-03-11 11:02:10,942 - sqlalchemy.engine.Engine - INFO - [raw sql] ()
2026-03-11 11:02:10,942 - sqlalchemy.engine.Engine - INFO - PRAGMA main.table_info("novedades_aplicadas")
2026-03-11 11:02:10,945 - sqlalchemy.engine.Engine - INFO - [raw sql] ()
2026-03-11 11:02:10,946 - sqlalchemy.engine.Engine - INFO - PRAGMA main.table_info("conceptos_automaticos")
2026-03-11 11:02:10,946 - sqlalchemy.engine.Engine - INFO - [raw sql] ()
2026-03-11 11:02:10,948 - sqlalchemy.engine.Engine - INFO - PRAGMA main.table_info("quincenas")
2026-03-11 11:02:10,950 - sqlalchemy.engine.Engine - INFO - [raw sql] ()
2026-03-11 11:02:10,953 - sqlalchemy.engine.Engine - INFO - PRAGMA main.table_info("liquidos_quincena")
2026-03-11 11:02:10,955 - sqlalchemy.engine.Engine - INFO - [raw sql] ()
2026-03-11 11:02:10,955 - sqlalchemy.engine.Engine - INFO - PRAGMA main.table_info("pagos")
2026-03-11 11:02:10,955 - sqlalchemy.engine.Engine - INFO - [raw sql] ()
2026-03-11 11:02:10,959 - sqlalchemy.engine.Engine - INFO - PRAGMA main.table_info("empresa")
2026-03-11 11:02:10,959 - sqlalchemy.engine.Engine - INFO - [raw sql] ()
2026-03-11 11:02:10,959 - sqlalchemy.engine.Engine - INFO - PRAGMA main.table_info("parametros_descuentos")
2026-03-11 11:02:10,959 - sqlalchemy.engine.Engine - INFO - [raw sql] ()
2026-03-11 11:02:10,964 - sqlalchemy.engine.Engine - INFO - PRAGMA main.table_info("audit_logs")
2026-03-11 11:02:10,964 - sqlalchemy.engine.Engine - INFO - [raw sql] ()
2026-03-11 11:02:10,964 - sqlalchemy.engine.Engine - INFO - PRAGMA main.table_info("servicios")
2026-03-11 11:02:10,964 - sqlalchemy.engine.Engine - INFO - [raw sql] ()
2026-03-11 11:02:10,969 - sqlalchemy.engine.Engine - INFO - PRAGMA main.table_info("servicios_novedades")
2026-03-11 11:02:10,970 - sqlalchemy.engine.Engine - INFO - [raw sql] ()
2026-03-11 11:02:10,970 - sqlalchemy.engine.Engine - INFO - PRAGMA main.table_info("servicios_pagos")
2026-03-11 11:02:10,972 - sqlalchemy.engine.Engine - INFO - [raw sql] ()
2026-03-11 11:02:10,972 - sqlalchemy.engine.Engine - INFO - PRAGMA main.table_info("servicios_periodos")
2026-03-11 11:02:10,974 - sqlalchemy.engine.Engine - INFO - [raw sql] ()
2026-03-11 11:02:10,978 - sqlalchemy.engine.Engine - INFO - PRAGMA main.table_info("prestamos_empresa")
2026-03-11 11:02:10,978 - sqlalchemy.engine.Engine - INFO - [raw sql] ()
2026-03-11 11:02:10,978 - sqlalchemy.engine.Engine - INFO - PRAGMA main.table_info("prestamos_novedades")
2026-03-11 11:02:10,982 - sqlalchemy.engine.Engine - INFO - [raw sql] ()
2026-03-11 11:02:10,982 - sqlalchemy.engine.Engine - INFO - PRAGMA main.table_info("prestamos_pagos")
2026-03-11 11:02:10,982 - sqlalchemy.engine.Engine - INFO - [raw sql] ()
2026-03-11 11:02:10,986 - sqlalchemy.engine.Engine - INFO - COMMIT
2026-03-11 11:02:10,986 - app - INFO - [OK] Tablas de base de datos creadas/verificadas
2026-03-11 11:14:22,426 - sqlalchemy.engine.Engine - INFO - BEGIN (implicit)
2026-03-11 11:14:22,426 - sqlalchemy.engine.Engine - INFO - PRAGMA main.table_info("roles")
2026-03-11 11:14:22,440 - sqlalchemy.engine.Engine - INFO - [raw sql] ()
2026-03-11 11:14:22,442 - sqlalchemy.engine.Engine - INFO - PRAGMA main.table_info("permisos")
2026-03-11 11:14:22,442 - sqlalchemy.engine.Engine - INFO - [raw sql] ()
2026-03-11 11:14:22,445 - sqlalchemy.engine.Engine - INFO - PRAGMA main.table_info("role_permiso")
2026-03-11 11:14:22,445 - sqlalchemy.engine.Engine - INFO - [raw sql] ()
2026-03-11 11:14:22,448 - sqlalchemy.engine.Engine - INFO - PRAGMA main.table_info("usuarios")
2026-03-11 11:14:22,448 - sqlalchemy.engine.Engine - INFO - [raw sql] ()
2026-03-11 11:14:22,450 - sqlalchemy.engine.Engine - INFO - PRAGMA main.table_info("empleados")
2026-03-11 11:14:22,450 - sqlalchemy.engine.Engine - INFO - [raw sql] ()
2026-03-11 11:14:22,452 - sqlalchemy.engine.Engine - INFO - PRAGMA main.table_info("tipos_novedad")
2026-03-11 11:14:22,452 - sqlalchemy.engine.Engine - INFO - [raw sql] ()
2026-03-11 11:14:22,452 - sqlalchemy.engine.Engine - INFO - PRAGMA main.table_info("novedades")
2026-03-11 11:14:22,452 - sqlalchemy.engine.Engine - INFO - [raw sql] ()
2026-03-11 11:14:22,452 - sqlalchemy.engine.Engine - INFO - PRAGMA main.table_info("novedades_aplicadas")
2026-03-11 11:14:22,458 - sqlalchemy.engine.Engine - INFO - [raw sql] ()
2026-03-11 11:14:22,459 - sqlalchemy.engine.Engine - INFO - PRAGMA main.table_info("conceptos_automaticos")
2026-03-11 11:14:22,461 - sqlalchemy.engine.Engine - INFO - [raw sql] ()
2026-03-11 11:14:22,462 - sqlalchemy.engine.Engine - INFO - PRAGMA main.table_info("quincenas")
2026-03-11 11:14:22,462 - sqlalchemy.engine.Engine - INFO - [raw sql] ()
2026-03-11 11:14:22,468 - sqlalchemy.engine.Engine - INFO - PRAGMA main.table_info("liquidos_quincena")
2026-03-11 11:14:22,468 - sqlalchemy.engine.Engine - INFO - [raw sql] ()
2026-03-11 11:14:22,470 - sqlalchemy.engine.Engine - INFO - PRAGMA main.table_info("pagos")
2026-03-11 11:14:22,470 - sqlalchemy.engine.Engine - INFO - [raw sql] ()
2026-03-11 11:14:22,470 - sqlalchemy.engine.Engine - INFO - PRAGMA main.table_info("empresa")
2026-03-11 11:14:22,470 - sqlalchemy.engine.Engine - INFO - [raw sql] ()
2026-03-11 11:14:22,470 - sqlalchemy.engine.Engine - INFO - PRAGMA main.table_info("parametros_descuentos")
2026-03-11 11:14:22,477 - sqlalchemy.engine.Engine - INFO - [raw sql] ()
2026-03-11 11:14:22,477 - sqlalchemy.engine.Engine - INFO - PRAGMA main.table_info("audit_logs")
2026-03-11 11:14:22,480 - sqlalchemy.engine.Engine - INFO - [raw sql] ()
2026-03-11 11:14:22,480 - sqlalchemy.engine.Engine - INFO - PRAGMA main.table_info("servicios")
2026-03-11 11:14:22,482 - sqlalchemy.engine.Engine - INFO - [raw sql] ()
2026-03-11 11:14:22,485 - sqlalchemy.engine.Engine - INFO - PRAGMA main.table_info("servicios_novedades")
2026-03-11 11:14:22,486 - sqlalchemy.engine.Engine - INFO - [raw sql] ()
2026-03-11 11:14:22,486 - sqlalchemy.engine.Engine - INFO - PRAGMA main.table_info("servicios_pagos")
2026-03-11 11:14:22,488 - sqlalchemy.engine.Engine - INFO - [raw sql] ()
2026-03-11 11:14:22,488 - sqlalchemy.engine.Engine - INFO - PRAGMA main.table_info("servicios_periodos")
2026-03-11 11:14:22,488 - sqlalchemy.engine.Engine - INFO - [raw sql] ()
2026-03-11 11:14:22,488 - sqlalchemy.engine.Engine - INFO - PRAGMA main.table_info("prestamos_empresa")
2026-03-11 11:14:22,494 - sqlalchemy.engine.Engine - INFO - [raw sql] ()
2026-03-11 11:14:22,496 - sqlalchemy.engine.Engine - INFO - PRAGMA main.table_info("prestamos_novedades")
2026-03-11 11:14:22,496 - sqlalchemy.engine.Engine - INFO - [raw sql] ()
2026-03-11 11:14:22,496 - sqlalchemy.engine.Engine - INFO - PRAGMA main.table_info("prestamos_pagos")
2026-03-11 11:14:22,498 - sqlalchemy.engine.Engine - INFO - [raw sql] ()
2026-03-11 11:14:22,500 - sqlalchemy.engine.Engine - INFO - COMMIT
2026-03-11 11:14:22,500 - app - INFO - [OK] Tablas de base de datos creadas/verificadas
2026-03-11 11:31:37,954 - sqlalchemy.engine.Engine - INFO - BEGIN (implicit)
2026-03-11 11:31:37,956 - sqlalchemy.engine.Engine - INFO - PRAGMA main.table_info("roles")
2026-03-11 11:31:37,956 - sqlalchemy.engine.Engine - INFO - [raw sql] ()
2026-03-11 11:31:37,963 - sqlalchemy.engine.Engine - INFO - PRAGMA main.table_info("permisos")
2026-03-11 11:31:37,963 - sqlalchemy.engine.Engine - INFO - [raw sql] ()
2026-03-11 11:31:37,963 - sqlalchemy.engine.Engine - INFO - PRAGMA main.table_info("role_permiso")
2026-03-11 11:31:37,967 - sqlalchemy.engine.Engine - INFO - [raw sql] ()
2026-03-11 11:31:37,968 - sqlalchemy.engine.Engine - INFO - PRAGMA main.table_info("usuarios")
2026-03-11 11:31:37,969 - sqlalchemy.engine.Engine - INFO - [raw sql] ()
2026-03-11 11:31:37,971 - sqlalchemy.engine.Engine - INFO - PRAGMA main.table_info("empleados")
2026-03-11 11:31:37,972 - sqlalchemy.engine.Engine - INFO - [raw sql] ()
2026-03-11 11:31:37,974 - sqlalchemy.engine.Engine - INFO - PRAGMA main.table_info("tipos_novedad")
2026-03-11 11:31:37,974 - sqlalchemy.engine.Engine - INFO - [raw sql] ()
2026-03-11 11:31:37,976 - sqlalchemy.engine.Engine - INFO - PRAGMA main.table_info("novedades")
2026-03-11 11:31:37,978 - sqlalchemy.engine.Engine - INFO - [raw sql] ()
2026-03-11 11:31:37,978 - sqlalchemy.engine.Engine - INFO - PRAGMA main.table_info("novedades_aplicadas")
2026-03-11 11:31:37,978 - sqlalchemy.engine.Engine - INFO - [raw sql] ()
2026-03-11 11:31:37,978 - sqlalchemy.engine.Engine - INFO - PRAGMA main.table_info("conceptos_automaticos")
2026-03-11 11:31:37,978 - sqlalchemy.engine.Engine - INFO - [raw sql] ()
2026-03-11 11:31:37,983 - sqlalchemy.engine.Engine - INFO - PRAGMA main.table_info("quincenas")
2026-03-11 11:31:37,983 - sqlalchemy.engine.Engine - INFO - [raw sql] ()
2026-03-11 11:31:37,987 - sqlalchemy.engine.Engine - INFO - PRAGMA main.table_info("liquidos_quincena")
2026-03-11 11:31:37,989 - sqlalchemy.engine.Engine - INFO - [raw sql] ()
2026-03-11 11:31:37,991 - sqlalchemy.engine.Engine - INFO - PRAGMA main.table_info("pagos")
2026-03-11 11:31:37,992 - sqlalchemy.engine.Engine - INFO - [raw sql] ()
2026-03-11 11:31:37,994 - sqlalchemy.engine.Engine - INFO - PRAGMA main.table_info("empresa")
2026-03-11 11:31:37,996 - sqlalchemy.engine.Engine - INFO - [raw sql] ()
2026-03-11 11:31:37,999 - sqlalchemy.engine.Engine - INFO - PRAGMA main.table_info("parametros_descuentos")
2026-03-11 11:31:37,999 - sqlalchemy.engine.Engine - INFO - [raw sql] ()
2026-03-11 11:31:38,001 - sqlalchemy.engine.Engine - INFO - PRAGMA main.table_info("audit_logs")
2026-03-11 11:31:38,003 - sqlalchemy.engine.Engine - INFO - [raw sql] ()
2026-03-11 11:31:38,004 - sqlalchemy.engine.Engine - INFO - PRAGMA main.table_info("servicios")
2026-03-11 11:31:38,005 - sqlalchemy.engine.Engine - INFO - [raw sql] ()
2026-03-11 11:31:38,007 - sqlalchemy.engine.Engine - INFO - PRAGMA main.table_info("servicios_novedades")
2026-03-11 11:31:38,009 - sqlalchemy.engine.Engine - INFO - [raw sql] ()
2026-03-11 11:31:38,009 - sqlalchemy.engine.Engine - INFO - PRAGMA main.table_info("servicios_pagos")
2026-03-11 11:31:38,014 - sqlalchemy.engine.Engine - INFO - [raw sql] ()
2026-03-11 11:31:38,015 - sqlalchemy.engine.Engine - INFO - PRAGMA main.table_info("servicios_periodos")
2026-03-11 11:31:38,015 - sqlalchemy.engine.Engine - INFO - [raw sql] ()
2026-03-11 11:31:38,017 - sqlalchemy.engine.Engine - INFO - PRAGMA main.table_info("prestamos_empresa")
2026-03-11 11:31:38,019 - sqlalchemy.engine.Engine - INFO - [raw sql] ()
2026-03-11 11:31:38,021 - sqlalchemy.engine.Engine - INFO - PRAGMA main.table_info("prestamos_novedades")
2026-03-11 11:31:38,022 - sqlalchemy.engine.Engine - INFO - [raw sql] ()
2026-03-11 11:31:38,022 - sqlalchemy.engine.Engine - INFO - PRAGMA main.table_info("prestamos_pagos")
2026-03-11 11:31:38,025 - sqlalchemy.engine.Engine - INFO - [raw sql] ()
2026-03-11 11:31:38,029 - sqlalchemy.engine.Engine - INFO - COMMIT
2026-03-11 11:31:38,029 - app - INFO - [OK] Tablas de base de datos creadas/verificadas
2026-03-11 11:39:11,562 - sqlalchemy.engine.Engine - INFO - BEGIN (implicit)
2026-03-11 11:39:11,562 - sqlalchemy.engine.Engine - INFO - PRAGMA main.table_info("roles")
2026-03-11 11:39:11,578 - sqlalchemy.engine.Engine - INFO - [raw sql] ()
2026-03-11 11:39:11,578 - sqlalchemy.engine.Engine - INFO - PRAGMA main.table_info("permisos")
2026-03-11 11:39:11,578 - sqlalchemy.engine.Engine - INFO - [raw sql] ()
2026-03-11 11:39:11,578 - sqlalchemy.engine.Engine - INFO - PRAGMA main.table_info("role_permiso")
2026-03-11 11:39:11,578 - sqlalchemy.engine.Engine - INFO - [raw sql] ()
2026-03-11 11:39:11,584 - sqlalchemy.engine.Engine - INFO - PRAGMA main.table_info("usuarios")
2026-03-11 11:39:11,584 - sqlalchemy.engine.Engine - INFO - [raw sql] ()
2026-03-11 11:39:11,586 - sqlalchemy.engine.Engine - INFO - PRAGMA main.table_info("empleados")
2026-03-11 11:39:11,586 - sqlalchemy.engine.Engine - INFO - [raw sql] ()
2026-03-11 11:39:11,587 - sqlalchemy.engine.Engine - INFO - PRAGMA main.table_info("tipos_novedad")
2026-03-11 11:39:11,589 - sqlalchemy.engine.Engine - INFO - [raw sql] ()
2026-03-11 11:39:11,589 - sqlalchemy.engine.Engine - INFO - PRAGMA main.table_info("novedades")
2026-03-11 11:39:11,589 - sqlalchemy.engine.Engine - INFO - [raw sql] ()
2026-03-11 11:39:11,591 - sqlalchemy.engine.Engine - INFO - PRAGMA main.table_info("novedades_aplicadas")
2026-03-11 11:39:11,592 - sqlalchemy.engine.Engine - INFO - [raw sql] ()
2026-03-11 11:39:11,592 - sqlalchemy.engine.Engine - INFO - PRAGMA main.table_info("conceptos_automaticos")
2026-03-11 11:39:11,595 - sqlalchemy.engine.Engine - INFO - [raw sql] ()
2026-03-11 11:39:11,596 - sqlalchemy.engine.Engine - INFO - PRAGMA main.table_info("quincenas")
2026-03-11 11:39:11,597 - sqlalchemy.engine.Engine - INFO - [raw sql] ()
2026-03-11 11:39:11,599 - sqlalchemy.engine.Engine - INFO - PRAGMA main.table_info("liquidos_quincena")
2026-03-11 11:39:11,600 - sqlalchemy.engine.Engine - INFO - [raw sql] ()
2026-03-11 11:39:11,600 - sqlalchemy.engine.Engine - INFO - PRAGMA main.table_info("pagos")
2026-03-11 11:39:11,602 - sqlalchemy.engine.Engine - INFO - [raw sql] ()
2026-03-11 11:39:11,604 - sqlalchemy.engine.Engine - INFO - PRAGMA main.table_info("empresa")
2026-03-11 11:39:11,604 - sqlalchemy.engine.Engine - INFO - [raw sql] ()
2026-03-11 11:39:11,605 - sqlalchemy.engine.Engine - INFO - PRAGMA main.table_info("parametros_descuentos")
2026-03-11 11:39:11,605 - sqlalchemy.engine.Engine - INFO - [raw sql] ()
2026-03-11 11:39:11,605 - sqlalchemy.engine.Engine - INFO - PRAGMA main.table_info("audit_logs")
2026-03-11 11:39:11,605 - sqlalchemy.engine.Engine - INFO - [raw sql] ()
2026-03-11 11:39:11,605 - sqlalchemy.engine.Engine - INFO - PRAGMA main.table_info("servicios")
2026-03-11 11:39:11,605 - sqlalchemy.engine.Engine - INFO - [raw sql] ()
2026-03-11 11:39:11,605 - sqlalchemy.engine.Engine - INFO - PRAGMA main.table_info("servicios_novedades")
2026-03-11 11:39:11,605 - sqlalchemy.engine.Engine - INFO - [raw sql] ()
2026-03-11 11:39:11,605 - sqlalchemy.engine.Engine - INFO - PRAGMA main.table_info("servicios_pagos")
2026-03-11 11:39:11,615 - sqlalchemy.engine.Engine - INFO - [raw sql] ()
2026-03-11 11:39:11,615 - sqlalchemy.engine.Engine - INFO - PRAGMA main.table_info("servicios_periodos")
2026-03-11 11:39:11,615 - sqlalchemy.engine.Engine - INFO - [raw sql] ()
2026-03-11 11:39:11,615 - sqlalchemy.engine.Engine - INFO - PRAGMA main.table_info("prestamos_empresa")
2026-03-11 11:39:11,619 - sqlalchemy.engine.Engine - INFO - [raw sql] ()
2026-03-11 11:39:11,619 - sqlalchemy.engine.Engine - INFO - PRAGMA main.table_info("prestamos_novedades")
2026-03-11 11:39:11,619 - sqlalchemy.engine.Engine - INFO - [raw sql] ()
2026-03-11 11:39:11,624 - sqlalchemy.engine.Engine - INFO - PRAGMA main.table_info("prestamos_pagos")
2026-03-11 11:39:11,624 - sqlalchemy.engine.Engine - INFO - [raw sql] ()
2026-03-11 11:39:11,625 - sqlalchemy.engine.Engine - INFO - COMMIT
2026-03-11 11:39:11,627 - app - INFO - [OK] Tablas de base de datos creadas/verificadas
2026-03-11 12:05:39,561 - sqlalchemy.engine.Engine - INFO - BEGIN (implicit)
2026-03-11 12:05:39,561 - sqlalchemy.engine.Engine - INFO - PRAGMA main.table_info("roles")
2026-03-11 12:05:39,561 - sqlalchemy.engine.Engine - INFO - [raw sql] ()
2026-03-11 12:05:39,571 - sqlalchemy.engine.Engine - INFO - PRAGMA main.table_info("permisos")
2026-03-11 12:05:39,571 - sqlalchemy.engine.Engine - INFO - [raw sql] ()
2026-03-11 12:05:39,574 - sqlalchemy.engine.Engine - INFO - PRAGMA main.table_info("role_permiso")
2026-03-11 12:05:39,576 - sqlalchemy.engine.Engine - INFO - [raw sql] ()
2026-03-11 12:05:39,580 - sqlalchemy.engine.Engine - INFO - PRAGMA main.table_info("usuarios")
2026-03-11 12:05:39,580 - sqlalchemy.engine.Engine - INFO - [raw sql] ()
2026-03-11 12:05:39,584 - sqlalchemy.engine.Engine - INFO - PRAGMA main.table_info("empleados")
2026-03-11 12:05:39,585 - sqlalchemy.engine.Engine - INFO - [raw sql] ()
2026-03-11 12:05:39,590 - sqlalchemy.engine.Engine - INFO - PRAGMA main.table_info("tipos_novedad")
2026-03-11 12:05:39,592 - sqlalchemy.engine.Engine - INFO - [raw sql] ()
2026-03-11 12:05:39,595 - sqlalchemy.engine.Engine - INFO - PRAGMA main.table_info("novedades")
2026-03-11 12:05:39,597 - sqlalchemy.engine.Engine - INFO - [raw sql] ()
2026-03-11 12:05:39,602 - sqlalchemy.engine.Engine - INFO - PRAGMA main.table_info("novedades_aplicadas")
2026-03-11 12:05:39,602 - sqlalchemy.engine.Engine - INFO - [raw sql] ()
2026-03-11 12:05:39,609 - sqlalchemy.engine.Engine - INFO - PRAGMA main.table_info("conceptos_automaticos")
2026-03-11 12:05:39,611 - sqlalchemy.engine.Engine - INFO - [raw sql] ()
2026-03-11 12:05:39,617 - sqlalchemy.engine.Engine - INFO - PRAGMA main.table_info("quincenas")
2026-03-11 12:05:39,617 - sqlalchemy.engine.Engine - INFO - [raw sql] ()
2026-03-11 12:05:39,621 - sqlalchemy.engine.Engine - INFO - PRAGMA main.table_info("liquidos_quincena")
2026-03-11 12:05:39,621 - sqlalchemy.engine.Engine - INFO - [raw sql] ()
2026-03-11 12:05:39,621 - sqlalchemy.engine.Engine - INFO - PRAGMA main.table_info("pagos")
2026-03-11 12:05:39,627 - sqlalchemy.engine.Engine - INFO - [raw sql] ()
2026-03-11 12:05:39,630 - sqlalchemy.engine.Engine - INFO - PRAGMA main.table_info("empresa")
2026-03-11 12:05:39,632 - sqlalchemy.engine.Engine - INFO - [raw sql] ()
2026-03-11 12:05:39,638 - sqlalchemy.engine.Engine - INFO - PRAGMA main.table_info("parametros_descuentos")
2026-03-11 12:05:39,638 - sqlalchemy.engine.Engine - INFO - [raw sql] ()
2026-03-11 12:05:39,645 - sqlalchemy.engine.Engine - INFO - PRAGMA main.table_info("audit_logs")
2026-03-11 12:05:39,647 - sqlalchemy.engine.Engine - INFO - [raw sql] ()
2026-03-11 12:05:39,649 - sqlalchemy.engine.Engine - INFO - PRAGMA main.table_info("servicios")
2026-03-11 12:05:39,649 - sqlalchemy.engine.Engine - INFO - [raw sql] ()
2026-03-11 12:05:39,649 - sqlalchemy.engine.Engine - INFO - PRAGMA main.table_info("servicios_novedades")
2026-03-11 12:05:39,649 - sqlalchemy.engine.Engine - INFO - [raw sql] ()
2026-03-11 12:05:39,659 - sqlalchemy.engine.Engine - INFO - PRAGMA main.table_info("servicios_pagos")
2026-03-11 12:05:39,662 - sqlalchemy.engine.Engine - INFO - [raw sql] ()
2026-03-11 12:05:39,663 - sqlalchemy.engine.Engine - INFO - PRAGMA main.table_info("servicios_periodos")
2026-03-11 12:05:39,663 - sqlalchemy.engine.Engine - INFO - [raw sql] ()
2026-03-11 12:05:39,668 - sqlalchemy.engine.Engine - INFO - PRAGMA main.table_info("prestamos_empresa")
2026-03-11 12:05:39,671 - sqlalchemy.engine.Engine - INFO - [raw sql] ()
2026-03-11 12:05:39,671 - sqlalchemy.engine.Engine - INFO - PRAGMA main.table_info("prestamos_novedades")
2026-03-11 12:05:39,676 - sqlalchemy.engine.Engine - INFO - [raw sql] ()
2026-03-11 12:05:39,680 - sqlalchemy.engine.Engine - INFO - PRAGMA main.table_info("prestamos_pagos")
2026-03-11 12:05:39,680 - sqlalchemy.engine.Engine - INFO - [raw sql] ()
2026-03-11 12:05:39,685 - sqlalchemy.engine.Engine - INFO - COMMIT
2026-03-11 12:05:39,688 - app - INFO - [OK] Tablas de base de datos creadas/verificadas
2026-03-11 22:51:14,376 - sqlalchemy.engine.Engine - INFO - BEGIN (implicit)
2026-03-11 22:51:14,377 - sqlalchemy.engine.Engine - INFO - PRAGMA main.table_info("roles")
2026-03-11 22:51:14,378 - sqlalchemy.engine.Engine - INFO - [raw sql] ()
2026-03-11 22:51:14,379 - sqlalchemy.engine.Engine - INFO - PRAGMA main.table_info("permisos")
2026-03-11 22:51:14,380 - sqlalchemy.engine.Engine - INFO - [raw sql] ()
2026-03-11 22:51:14,380 - sqlalchemy.engine.Engine - INFO - PRAGMA main.table_info("role_permiso")
2026-03-11 22:51:14,381 - sqlalchemy.engine.Engine - INFO - [raw sql] ()
2026-03-11 22:51:14,381 - sqlalchemy.engine.Engine - INFO - PRAGMA main.table_info("usuarios")
2026-03-11 22:51:14,382 - sqlalchemy.engine.Engine - INFO - [raw sql] ()
2026-03-11 22:51:14,382 - sqlalchemy.engine.Engine - INFO - PRAGMA main.table_info("empleados")
2026-03-11 22:51:14,383 - sqlalchemy.engine.Engine - INFO - [raw sql] ()
2026-03-11 22:51:14,383 - sqlalchemy.engine.Engine - INFO - PRAGMA main.table_info("tipos_novedad")
2026-03-11 22:51:14,384 - sqlalchemy.engine.Engine - INFO - [raw sql] ()
2026-03-11 22:51:14,384 - sqlalchemy.engine.Engine - INFO - PRAGMA main.table_info("novedades")
2026-03-11 22:51:14,386 - sqlalchemy.engine.Engine - INFO - [raw sql] ()
2026-03-11 22:51:14,386 - sqlalchemy.engine.Engine - INFO - PRAGMA main.table_info("novedades_aplicadas")
2026-03-11 22:51:14,387 - sqlalchemy.engine.Engine - INFO - [raw sql] ()
2026-03-11 22:51:14,387 - sqlalchemy.engine.Engine - INFO - PRAGMA main.table_info("conceptos_automaticos")
2026-03-11 22:51:14,387 - sqlalchemy.engine.Engine - INFO - [raw sql] ()
2026-03-11 22:51:14,388 - sqlalchemy.engine.Engine - INFO - PRAGMA main.table_info("quincenas")
2026-03-11 22:51:14,388 - sqlalchemy.engine.Engine - INFO - [raw sql] ()
2026-03-11 22:51:14,389 - sqlalchemy.engine.Engine - INFO - PRAGMA main.table_info("liquidos_quincena")
2026-03-11 22:51:14,389 - sqlalchemy.engine.Engine - INFO - [raw sql] ()
2026-03-11 22:51:14,391 - sqlalchemy.engine.Engine - INFO - PRAGMA main.table_info("pagos")
2026-03-11 22:51:14,391 - sqlalchemy.engine.Engine - INFO - [raw sql] ()
2026-03-11 22:51:14,391 - sqlalchemy.engine.Engine - INFO - PRAGMA main.table_info("empresa")
2026-03-11 22:51:14,391 - sqlalchemy.engine.Engine - INFO - [raw sql] ()
2026-03-11 22:51:14,391 - sqlalchemy.engine.Engine - INFO - PRAGMA main.table_info("parametros_descuentos")
2026-03-11 22:51:14,391 - sqlalchemy.engine.Engine - INFO - [raw sql] ()
2026-03-11 22:51:14,391 - sqlalchemy.engine.Engine - INFO - PRAGMA main.table_info("audit_logs")
2026-03-11 22:51:14,391 - sqlalchemy.engine.Engine - INFO - [raw sql] ()
2026-03-11 22:51:14,391 - sqlalchemy.engine.Engine - INFO - PRAGMA main.table_info("servicios")
2026-03-11 22:51:14,391 - sqlalchemy.engine.Engine - INFO - [raw sql] ()
2026-03-11 22:51:14,395 - sqlalchemy.engine.Engine - INFO - PRAGMA main.table_info("servicios_novedades")
2026-03-11 22:51:14,395 - sqlalchemy.engine.Engine - INFO - [raw sql] ()
2026-03-11 22:51:14,395 - sqlalchemy.engine.Engine - INFO - PRAGMA main.table_info("servicios_pagos")
2026-03-11 22:51:14,396 - sqlalchemy.engine.Engine - INFO - [raw sql] ()
2026-03-11 22:51:14,396 - sqlalchemy.engine.Engine - INFO - PRAGMA main.table_info("servicios_periodos")
2026-03-11 22:51:14,396 - sqlalchemy.engine.Engine - INFO - [raw sql] ()
2026-03-11 22:51:14,396 - sqlalchemy.engine.Engine - INFO - PRAGMA main.table_info("prestamos_empresa")
2026-03-11 22:51:14,398 - sqlalchemy.engine.Engine - INFO - [raw sql] ()
2026-03-11 22:51:14,398 - sqlalchemy.engine.Engine - INFO - PRAGMA main.table_info("prestamos_novedades")
2026-03-11 22:51:14,398 - sqlalchemy.engine.Engine - INFO - [raw sql] ()
2026-03-11 22:51:14,399 - sqlalchemy.engine.Engine - INFO - PRAGMA main.table_info("prestamos_pagos")
2026-03-11 22:51:14,399 - sqlalchemy.engine.Engine - INFO - [raw sql] ()
2026-03-11 22:51:14,399 - sqlalchemy.engine.Engine - INFO - COMMIT
2026-03-11 22:51:14,399 - app - INFO - [OK] Tablas de base de datos creadas/verificadas
2026-03-11 23:00:52,769 - app - WARNING - [WARN] No se pudieron crear tablas automáticamente: (psycopg2.OperationalError) could not translate host name "postgres.railway.internal" to address: Unknown host

(Background on this error at: https://sqlalche.me/e/20/e3q8)
2026-03-11 23:00:52,782 - app - WARNING - Ejecuta: flask init-db
